<?xml version="1.0" encoding="UTF-8"?>
<!-- Generated by org.testng.reporters.JUnitReportReporter -->
<testsuite skipped="0" hostname="Nagendras-MBP.lan" name="com.flightReservation.testCases.SearchFlights" tests="9" failures="0" timestamp="25 Jan 2021 00:06:17 GMT" time="27.827" errors="0">
  <testcase name="clickFlightbutton" time="0.094" classname="com.flightReservation.testCases.SearchFlights"/>
  <testcase name="selectTripType" time="7.271" classname="com.flightReservation.testCases.SearchFlights"/>
  <testcase name="selectAdultPassengers" time="0.169" classname="com.flightReservation.testCases.SearchFlights"/>
  <testcase name="selectChildPassengers" time="0.101" classname="com.flightReservation.testCases.SearchFlights"/>
  <testcase name="selectInfantPassener" time="0.187" classname="com.flightReservation.testCases.SearchFlights"/>
  <testcase name="selectClassType" time="10.155" classname="com.flightReservation.testCases.SearchFlights"/>
  <testcase name="selectToCity" time="3.210" classname="com.flightReservation.testCases.SearchFlights"/>
  <testcase name="selectDepDate" time="3.292" classname="com.flightReservation.testCases.SearchFlights"/>
  <testcase name="selectRetDate" time="3.348" classname="com.flightReservation.testCases.SearchFlights"/>
</testsuite> <!-- com.flightReservation.testCases.SearchFlights -->
