<?xml version="1.0" encoding="UTF-8"?>
<!-- Generated by org.testng.reporters.JUnitReportReporter -->
<testsuite skipped="0" hostname="Nagendras-MBP.lan" name="com.flightReservation.testCases.FlightRes" tests="1" failures="0" timestamp="23 Jan 2021 05:32:08 GMT" time="19.184" errors="0">
  <testcase name="setup" time="19.184" classname="com.flightReservation.testCases.FlightRes"/>
</testsuite> <!-- com.flightReservation.testCases.FlightRes -->
