<?xml version="1.0" encoding="UTF-8"?>
<!-- Generated by org.testng.reporters.JUnitReportReporter -->
<testsuite skipped="0" hostname="Nagendras-MBP.lan" name="com.flightReservation.testCases.SearchFlights2" tests="9" failures="0" timestamp="26 Jan 2021 11:29:29 GMT" time="28.094" errors="0">
  <testcase name="clickFlightbutton" time="0.100" classname="com.flightReservation.testCases.SearchFlights2"/>
  <testcase name="selectTripType" time="7.353" classname="com.flightReservation.testCases.SearchFlights2"/>
  <testcase name="selectAdultPassengers" time="0.191" classname="com.flightReservation.testCases.SearchFlights2"/>
  <testcase name="selectChildPassengers" time="0.113" classname="com.flightReservation.testCases.SearchFlights2"/>
  <testcase name="selectInfantPassener" time="0.198" classname="com.flightReservation.testCases.SearchFlights2"/>
  <testcase name="selectClassType" time="10.174" classname="com.flightReservation.testCases.SearchFlights2"/>
  <testcase name="selectToCity" time="3.218" classname="com.flightReservation.testCases.SearchFlights2"/>
  <testcase name="selectDepDate" time="3.280" classname="com.flightReservation.testCases.SearchFlights2"/>
  <testcase name="selectRetDate" time="3.467" classname="com.flightReservation.testCases.SearchFlights2"/>
</testsuite> <!-- com.flightReservation.testCases.SearchFlights2 -->
