<?xml version="1.0" encoding="UTF-8"?>
<!-- Generated by org.testng.reporters.JUnitReportReporter -->
<testsuite skipped="0" hostname="Nagendras-MBP.lan" name="com.flightReservation.testCases.SearchFlights" tests="9" failures="0" timestamp="25 Jan 2021 02:14:21 GMT" time="28.775" errors="0">
  <testcase name="clickFlightbutton" time="0.111" classname="com.flightReservation.testCases.SearchFlights"/>
  <testcase name="selectTripType" time="7.380" classname="com.flightReservation.testCases.SearchFlights"/>
  <testcase name="selectAdultPassengers" time="0.211" classname="com.flightReservation.testCases.SearchFlights"/>
  <testcase name="selectChildPassengers" time="0.130" classname="com.flightReservation.testCases.SearchFlights"/>
  <testcase name="selectInfantPassener" time="0.243" classname="com.flightReservation.testCases.SearchFlights"/>
  <testcase name="selectClassType" time="10.445" classname="com.flightReservation.testCases.SearchFlights"/>
  <testcase name="selectToCity" time="3.312" classname="com.flightReservation.testCases.SearchFlights"/>
  <testcase name="selectDepDate" time="3.406" classname="com.flightReservation.testCases.SearchFlights"/>
  <testcase name="selectRetDate" time="3.537" classname="com.flightReservation.testCases.SearchFlights"/>
</testsuite> <!-- com.flightReservation.testCases.SearchFlights -->
